Build started 7/5/2012 11:01:46 AM.
     1>Project "C:\Users\mason\Google Drive\cmd_rogue_like\cmd_rogue_like\cmd_rogue_like.vcxproj" on node 2 (build target(s)).
     1>InitializeBuildStatus:
         Touching "Debug\cmd_rogue_like.unsuccessfulbuild".
       ClCompile:
         c:\Program Files (x86)\Microsoft Visual Studio 10.0\VC\bin\CL.exe /c /ZI /nologo /W3 /WX- /Od /Oy- /D _MBCS /Gm /EHsc /RTC1 /MDd /GS /fp:precise /Zc:wchar_t /Zc:forScope /Fo"Debug\\" /Fd"Debug\vc100.pdb" /Gd /TP /analyze- /errorReport:prompt main.cpp
         main.cpp
     1>c:\users\mason\google drive\cmd_rogue_like\cmd_rogue_like\main.cpp(142): warning C4018: '<' : signed/unsigned mismatch
       Link:
         c:\Program Files (x86)\Microsoft Visual Studio 10.0\VC\bin\link.exe /ERRORREPORT:PROMPT /OUT:"C:\Users\mason\Google Drive\cmd_rogue_like\Debug\cmd_rogue_like.exe" /NOLOGO kernel32.lib user32.lib gdi32.lib winspool.lib comdlg32.lib advapi32.lib shell32.lib ole32.lib oleaut32.lib uuid.lib odbc32.lib odbccp32.lib /MANIFEST /ManifestFile:"Debug\cmd_rogue_like.exe.intermediate.manifest" /MANIFESTUAC:"level='asInvoker' uiAccess='false'" /DEBUG /PDB:"C:\Users\mason\Google Drive\cmd_rogue_like\Debug\cmd_rogue_like.pdb" /TLBID:1 /DYNAMICBASE /NXCOMPAT /IMPLIB:"C:\Users\mason\Google Drive\cmd_rogue_like\Debug\cmd_rogue_like.lib" /MACHINE:X86 Debug\Item.obj
         Debug\main.obj
         Debug\Sprite.obj
         cmd_rogue_like.vcxproj -> C:\Users\mason\Google Drive\cmd_rogue_like\Debug\cmd_rogue_like.exe
       Manifest:
         C:\Program Files (x86)\Microsoft SDKs\Windows\v7.0A\bin\mt.exe /nologo /verbose /outputresource:"C:\Users\mason\Google Drive\cmd_rogue_like\Debug\cmd_rogue_like.exe;#1" /manifest Debug\cmd_rogue_like.exe.intermediate.manifest
       FinalizeBuildStatus:
         Deleting file "Debug\cmd_rogue_like.unsuccessfulbuild".
         Touching "Debug\cmd_rogue_like.lastbuildstate".
     1>Done Building Project "C:\Users\mason\Google Drive\cmd_rogue_like\cmd_rogue_like\cmd_rogue_like.vcxproj" (build target(s)).

Build succeeded.

Time Elapsed 00:00:01.91
