Build started 8/2/2012 8:46:17 AM.
     1>Project "C:\Users\mason\Documents\GitHub\cmd_roguelike\cmd_rogue_like\cmd_rogue_like.vcxproj" on node 2 (build target(s)).
     1>InitializeBuildStatus:
         Creating "Release\cmd_rogue_like.unsuccessfulbuild" because "AlwaysCreate" was specified.
       ClCompile:
         c:\Program Files (x86)\Microsoft Visual Studio 10.0\VC\bin\CL.exe /c /Zi /nologo /W3 /WX- /O2 /Oi /Oy- /GL /D _MBCS /Gm- /EHsc /MD /GS /Gy /fp:precise /Zc:wchar_t /Zc:forScope /Fo"Release\\" /Fd"Release\vc100.pdb" /Gd /TP /analyze- /errorReport:prompt Controller.cpp Display.cpp Sprite.cpp main.cpp
         Controller.cpp
     1>Controller.cpp(44): warning C4309: 'argument' : truncation of constant value
         Display.cpp
     1>Display.cpp(31): warning C4309: '=' : truncation of constant value
     1>Display.cpp(48): warning C4309: 'initializing' : truncation of constant value
     1>Display.cpp(89): warning C4309: '=' : truncation of constant value
     1>Display.cpp(94): warning C4018: '<' : signed/unsigned mismatch
     1>Display.cpp(115): warning C4018: '<' : signed/unsigned mismatch
         Sprite.cpp
         main.cpp
       Link:
         c:\Program Files (x86)\Microsoft Visual Studio 10.0\VC\bin\link.exe /ERRORREPORT:PROMPT /OUT:"C:\Users\mason\Documents\GitHub\cmd_roguelike\Release\cmd_rogue_like.exe" /NOLOGO kernel32.lib user32.lib gdi32.lib winspool.lib comdlg32.lib advapi32.lib shell32.lib ole32.lib oleaut32.lib uuid.lib odbc32.lib odbccp32.lib /MANIFEST /ManifestFile:"Release\cmd_rogue_like.exe.intermediate.manifest" /MANIFESTUAC:"level='asInvoker' uiAccess='false'" /DEBUG /PDB:"C:\Users\mason\Documents\GitHub\cmd_roguelike\Release\cmd_rogue_like.pdb" /OPT:REF /OPT:ICF /LTCG /TLBID:1 /DYNAMICBASE /NXCOMPAT /IMPLIB:"C:\Users\mason\Documents\GitHub\cmd_roguelike\Release\cmd_rogue_like.lib" /MACHINE:X86 Release\Controller.obj
         Release\Display.obj
         Release\Item.obj
         Release\main.obj
         Release\Sprite.obj
         Generating code
         Finished generating code
         cmd_rogue_like.vcxproj -> C:\Users\mason\Documents\GitHub\cmd_roguelike\Release\cmd_rogue_like.exe
       Manifest:
         C:\Program Files (x86)\Microsoft SDKs\Windows\v7.0A\bin\mt.exe /nologo /verbose /outputresource:"C:\Users\mason\Documents\GitHub\cmd_roguelike\Release\cmd_rogue_like.exe;#1" /manifest Release\cmd_rogue_like.exe.intermediate.manifest
       FinalizeBuildStatus:
         Deleting file "Release\cmd_rogue_like.unsuccessfulbuild".
         Touching "Release\cmd_rogue_like.lastbuildstate".
     1>Done Building Project "C:\Users\mason\Documents\GitHub\cmd_roguelike\cmd_rogue_like\cmd_rogue_like.vcxproj" (build target(s)).

Build succeeded.

Time Elapsed 00:00:02.87
